*********************************************************************
* LD Score Regression (LDSC)
* Version 1.0.0
* (C) 2014-2015 Brendan Bulik-Sullivan and Hilary Finucane
* Broad Institute of MIT and Harvard / MIT Department of Mathematics
* GNU General Public License v3
*********************************************************************
Call: 
./ldsc.py \
--ld-wind-cm 1.0 \
--out /home/guohm/scan/1000genome/ldscore/chr15 \
--bfile /home/guohm/scan/1000genome/filtered/chr15_with_cm \
--l2  

Beginning analysis at Tue May  7 16:06:24 2019
Read list of 280460 SNPs from /home/guohm/scan/1000genome/filtered/chr15_with_cm.bim
Read list of 503 individuals from /home/guohm/scan/1000genome/filtered/chr15_with_cm.fam
Reading genotypes from /home/guohm/scan/1000genome/filtered/chr15_with_cm.bed
Estimating LD Score.
Writing LD Scores for 280460 SNPs to /home/guohm/scan/1000genome/ldscore/chr15.l2.ldscore.gz

Summary of LD Scores in /home/guohm/scan/1000genome/ldscore/chr15.l2.ldscore.gz
         MAF         L2
mean  0.1781   121.5396
std   0.1501   135.4767
min   0.0100    -6.6573
25%   0.0408    37.5907
50%   0.1342    78.3724
75%   0.2972   154.6751
max   0.5000  1068.3109

MAF/LD Score Correlation Matrix
        MAF      L2
MAF  1.0000  0.2167
L2   0.2167  1.0000
Analysis finished at Tue May  7 16:07:58 2019
Total time elapsed: 1.0m:34.49s
