*********************************************************************
* LD Score Regression (LDSC)
* Version 1.0.0
* (C) 2014-2015 Brendan Bulik-Sullivan and Hilary Finucane
* Broad Institute of MIT and Harvard / MIT Department of Mathematics
* GNU General Public License v3
*********************************************************************
Call: 
./ldsc.py \
--ld-wind-cm 1.0 \
--out /home/guohm/scan/1000genome/ldscore/chr13 \
--bfile /home/guohm/scan/1000genome/filtered/chr13_with_cm \
--l2  

Beginning analysis at Tue May  7 16:02:13 2019
Read list of 358810 SNPs from /home/guohm/scan/1000genome/filtered/chr13_with_cm.bim
Read list of 503 individuals from /home/guohm/scan/1000genome/filtered/chr13_with_cm.fam
Reading genotypes from /home/guohm/scan/1000genome/filtered/chr13_with_cm.bed
Estimating LD Score.
Writing LD Scores for 358810 SNPs to /home/guohm/scan/1000genome/ldscore/chr13.l2.ldscore.gz

Summary of LD Scores in /home/guohm/scan/1000genome/ldscore/chr13.l2.ldscore.gz
         MAF        L2
mean  0.1786  133.4305
std   0.1494  124.0791
min   0.0100   -7.1878
25%   0.0427   48.4877
50%   0.1362   97.8744
75%   0.2962  177.8423
max   0.5000  969.9918

MAF/LD Score Correlation Matrix
        MAF      L2
MAF  1.0000  0.2759
L2   0.2759  1.0000
Analysis finished at Tue May  7 16:04:27 2019
Total time elapsed: 2.0m:14.01s
