*********************************************************************
* LD Score Regression (LDSC)
* Version 1.0.0
* (C) 2014-2015 Brendan Bulik-Sullivan and Hilary Finucane
* Broad Institute of MIT and Harvard / MIT Department of Mathematics
* GNU General Public License v3
*********************************************************************
Call: 
./ldsc.py \
--ld-wind-cm 1.0 \
--out /home/guohm/scan/1000genome/ldscore/chr10 \
--bfile /home/guohm/scan/1000genome/filtered/chr10_with_cm \
--l2  

Beginning analysis at Tue May  7 13:12:07 2019
Read list of 496896 SNPs from /home/guohm/scan/1000genome/filtered/chr10_with_cm.bim
Read list of 503 individuals from /home/guohm/scan/1000genome/filtered/chr10_with_cm.fam
Reading genotypes from /home/guohm/scan/1000genome/filtered/chr10_with_cm.bed
Estimating LD Score.
Writing LD Scores for 496894 SNPs to /home/guohm/scan/1000genome/ldscore/chr10.l2.ldscore.gz

Summary of LD Scores in /home/guohm/scan/1000genome/ldscore/chr10.l2.ldscore.gz
         MAF         L2
mean  0.1775   161.4412
std   0.1487   270.1726
min   0.0100   -13.3229
25%   0.0437    47.3497
50%   0.1322    93.9752
75%   0.2932   181.2758
max   0.5000  2859.7560

MAF/LD Score Correlation Matrix
        MAF      L2
MAF  1.0000  0.1521
L2   0.1521  1.0000
Analysis finished at Tue May  7 13:18:16 2019
Total time elapsed: 6.0m:9.17s
