*********************************************************************
* LD Score Regression (LDSC)
* Version 1.0.0
* (C) 2014-2015 Brendan Bulik-Sullivan and Hilary Finucane
* Broad Institute of MIT and Harvard / MIT Department of Mathematics
* GNU General Public License v3
*********************************************************************
Call: 
./ldsc.py \
--ld-wind-cm 1.0 \
--out /home/guohm/scan/1000genome/ldscore/chr14 \
--bfile /home/guohm/scan/1000genome/filtered/chr14_with_cm \
--l2  

Beginning analysis at Tue May  7 16:04:28 2019
Read list of 322048 SNPs from /home/guohm/scan/1000genome/filtered/chr14_with_cm.bim
Read list of 503 individuals from /home/guohm/scan/1000genome/filtered/chr14_with_cm.fam
Reading genotypes from /home/guohm/scan/1000genome/filtered/chr14_with_cm.bed
Estimating LD Score.
Writing LD Scores for 322048 SNPs to /home/guohm/scan/1000genome/ldscore/chr14.l2.ldscore.gz

Summary of LD Scores in /home/guohm/scan/1000genome/ldscore/chr14.l2.ldscore.gz
         MAF         L2
mean  0.1739   136.3671
std   0.1474   154.0474
min   0.0100    -7.2506
25%   0.0408    44.5117
50%   0.1302    92.5349
75%   0.2873   174.2978
max   0.5000  1538.9308

MAF/LD Score Correlation Matrix
        MAF      L2
MAF  1.0000  0.1781
L2   0.1781  1.0000
Analysis finished at Tue May  7 16:06:23 2019
Total time elapsed: 1.0m:55.28s
