*********************************************************************
* LD Score Regression (LDSC)
* Version 1.0.0
* (C) 2014-2015 Brendan Bulik-Sullivan and Hilary Finucane
* Broad Institute of MIT and Harvard / MIT Department of Mathematics
* GNU General Public License v3
*********************************************************************
Call: 
./ldsc.py \
--ld-wind-cm 1.0 \
--out /home/guohm/scan/1000genome/ldscore/chr11 \
--bfile /home/guohm/scan/1000genome/filtered/chr11_with_cm \
--l2  

Beginning analysis at Tue May  7 13:18:17 2019
Read list of 482080 SNPs from /home/guohm/scan/1000genome/filtered/chr11_with_cm.bim
Read list of 503 individuals from /home/guohm/scan/1000genome/filtered/chr11_with_cm.fam
Reading genotypes from /home/guohm/scan/1000genome/filtered/chr11_with_cm.bed
Estimating LD Score.
Writing LD Scores for 482079 SNPs to /home/guohm/scan/1000genome/ldscore/chr11.l2.ldscore.gz

Summary of LD Scores in /home/guohm/scan/1000genome/ldscore/chr11.l2.ldscore.gz
         MAF         L2
mean  0.1802   289.9971
std   0.1495   763.1344
min   0.0100   -29.0859
25%   0.0437    49.4618
50%   0.1352   105.2645
75%   0.3032   206.0766
max   0.5000  5898.0477

MAF/LD Score Correlation Matrix
        MAF      L2
MAF  1.0000  0.0254
L2   0.0254  1.0000
Analysis finished at Tue May  7 13:24:42 2019
Total time elapsed: 6.0m:25.39s
