*********************************************************************
* LD Score Regression (LDSC)
* Version 1.0.0
* (C) 2014-2015 Brendan Bulik-Sullivan and Hilary Finucane
* Broad Institute of MIT and Harvard / MIT Department of Mathematics
* GNU General Public License v3
*********************************************************************
Call: 
./ldsc.py \
--ld-wind-cm 1.0 \
--out /home/guohm/scan/1000genome/ldscore/chr18 \
--bfile /home/guohm/scan/1000genome/filtered/chr18_with_cm \
--l2  

Beginning analysis at Tue May  7 16:11:05 2019
Read list of 276975 SNPs from /home/guohm/scan/1000genome/filtered/chr18_with_cm.bim
Read list of 503 individuals from /home/guohm/scan/1000genome/filtered/chr18_with_cm.fam
Reading genotypes from /home/guohm/scan/1000genome/filtered/chr18_with_cm.bed
Estimating LD Score.
Writing LD Scores for 276975 SNPs to /home/guohm/scan/1000genome/ldscore/chr18.l2.ldscore.gz

Summary of LD Scores in /home/guohm/scan/1000genome/ldscore/chr18.l2.ldscore.gz
         MAF        L2
mean  0.1771  109.0230
std   0.1487   99.9774
min   0.0100   -4.7325
25%   0.0408   38.9704
50%   0.1332   80.6943
75%   0.2952  145.2315
max   0.5000  691.7221

MAF/LD Score Correlation Matrix
        MAF      L2
MAF  1.0000  0.3125
L2   0.3125  1.0000
Analysis finished at Tue May  7 16:12:34 2019
Total time elapsed: 1.0m:29.73s
