*********************************************************************
* LD Score Regression (LDSC)
* Version 1.0.0
* (C) 2014-2015 Brendan Bulik-Sullivan and Hilary Finucane
* Broad Institute of MIT and Harvard / MIT Department of Mathematics
* GNU General Public License v3
*********************************************************************
Call: 
./ldsc.py \
--ld-wind-cm 1.0 \
--out /home/guohm/scan/1000genome/ldscore/chr12 \
--bfile /home/guohm/scan/1000genome/filtered/chr12_with_cm \
--l2  

Beginning analysis at Tue May  7 15:59:10 2019
Read list of 470708 SNPs from /home/guohm/scan/1000genome/filtered/chr12_with_cm.bim
Read list of 503 individuals from /home/guohm/scan/1000genome/filtered/chr12_with_cm.fam
Reading genotypes from /home/guohm/scan/1000genome/filtered/chr12_with_cm.bed
Estimating LD Score.
Writing LD Scores for 470708 SNPs to /home/guohm/scan/1000genome/ldscore/chr12.l2.ldscore.gz

Summary of LD Scores in /home/guohm/scan/1000genome/ldscore/chr12.l2.ldscore.gz
         MAF         L2
mean  0.1777   161.8582
std   0.1494   289.2267
min   0.0100   -15.3759
25%   0.0408    45.9246
50%   0.1332    94.1960
75%   0.3012   179.7889
max   0.5000  3273.1061

MAF/LD Score Correlation Matrix
        MAF      L2
MAF  1.0000  0.2026
L2   0.2026  1.0000
Analysis finished at Tue May  7 16:02:12 2019
Total time elapsed: 3.0m:2.05s
