*********************************************************************
* LD Score Regression (LDSC)
* Version 1.0.0
* (C) 2014-2015 Brendan Bulik-Sullivan and Hilary Finucane
* Broad Institute of MIT and Harvard / MIT Department of Mathematics
* GNU General Public License v3
*********************************************************************
Call: 
./ldsc.py \
--ld-wind-cm 1.0 \
--out /home/guohm/scan/1000genome/ldscore/chr1 \
--bfile /home/guohm/scan/1000genome/filtered/chr1_with_cm \
--l2  

Beginning analysis at Tue May  7 12:08:11 2019
Read list of 756258 SNPs from /home/guohm/scan/1000genome/filtered/chr1_with_cm.bim
Read list of 503 individuals from /home/guohm/scan/1000genome/filtered/chr1_with_cm.fam
Reading genotypes from /home/guohm/scan/1000genome/filtered/chr1_with_cm.bed
Estimating LD Score.
Writing LD Scores for 756231 SNPs to /home/guohm/scan/1000genome/ldscore/chr1.l2.ldscore.gz

Summary of LD Scores in /home/guohm/scan/1000genome/ldscore/chr1.l2.ldscore.gz
         MAF        L2
mean  0.1773  126.5170
std   0.1498  123.1521
min   0.0100   -7.0026
25%   0.0398   43.8995
50%   0.1322   89.1573
75%   0.2972  169.3634
max   0.5000  996.5724

MAF/LD Score Correlation Matrix
        MAF      L2
MAF  1.0000  0.3044
L2   0.3044  1.0000
Analysis finished at Tue May  7 12:15:32 2019
Total time elapsed: 7.0m:21.52s
