*********************************************************************
* LD Score Regression (LDSC)
* Version 1.0.0
* (C) 2014-2015 Brendan Bulik-Sullivan and Hilary Finucane
* Broad Institute of MIT and Harvard / MIT Department of Mathematics
* GNU General Public License v3
*********************************************************************
Call: 
./ldsc.py \
--ld-wind-cm 1.0 \
--out /home/guohm/scan/1000genome/ldscore/chr2 \
--bfile /home/guohm/scan/1000genome/filtered/chr2_with_cm \
--l2  

Beginning analysis at Tue May  7 12:15:33 2019
Read list of 814299 SNPs from /home/guohm/scan/1000genome/filtered/chr2_with_cm.bim
Read list of 503 individuals from /home/guohm/scan/1000genome/filtered/chr2_with_cm.fam
Reading genotypes from /home/guohm/scan/1000genome/filtered/chr2_with_cm.bed
Estimating LD Score.
Writing LD Scores for 814265 SNPs to /home/guohm/scan/1000genome/ldscore/chr2.l2.ldscore.gz

Summary of LD Scores in /home/guohm/scan/1000genome/ldscore/chr2.l2.ldscore.gz
         MAF        L2
mean  0.1757  136.4697
std   0.1483  118.0115
min   0.0100   -9.2699
25%   0.0398   52.0573
50%   0.1312  102.7933
75%   0.2913  183.7327
max   0.5000  750.7212

MAF/LD Score Correlation Matrix
        MAF      L2
MAF  1.0000  0.3115
L2   0.3115  1.0000
Analysis finished at Tue May  7 12:24:11 2019
Total time elapsed: 8.0m:37.99s
