*********************************************************************
* LD Score Regression (LDSC)
* Version 1.0.0
* (C) 2014-2015 Brendan Bulik-Sullivan and Hilary Finucane
* Broad Institute of MIT and Harvard / MIT Department of Mathematics
* GNU General Public License v3
*********************************************************************
Call: 
./ldsc.py \
--ld-wind-cm 1.0 \
--out /home/guohm/scan/1000genome/ldscore/chr4 \
--bfile /home/guohm/scan/1000genome/filtered/chr4_with_cm \
--l2  

Beginning analysis at Tue May  7 12:31:59 2019
Read list of 712502 SNPs from /home/guohm/scan/1000genome/filtered/chr4_with_cm.bim
Read list of 503 individuals from /home/guohm/scan/1000genome/filtered/chr4_with_cm.fam
Reading genotypes from /home/guohm/scan/1000genome/filtered/chr4_with_cm.bed
Estimating LD Score.
Writing LD Scores for 712499 SNPs to /home/guohm/scan/1000genome/ldscore/chr4.l2.ldscore.gz

Summary of LD Scores in /home/guohm/scan/1000genome/ldscore/chr4.l2.ldscore.gz
         MAF         L2
mean  0.1788   155.3733
std   0.1482   147.6387
min   0.0100    -7.6580
25%   0.0417    56.9229
50%   0.1372   115.1100
75%   0.2972   207.6856
max   0.5000  1339.1270

MAF/LD Score Correlation Matrix
        MAF      L2
MAF  1.0000  0.2916
L2   0.2916  1.0000
Analysis finished at Tue May  7 12:39:27 2019
Total time elapsed: 7.0m:27.41s
