*********************************************************************
* LD Score Regression (LDSC)
* Version 1.0.0
* (C) 2014-2015 Brendan Bulik-Sullivan and Hilary Finucane
* Broad Institute of MIT and Harvard / MIT Department of Mathematics
* GNU General Public License v3
*********************************************************************
Call: 
./ldsc.py \
--ld-wind-cm 1.0 \
--out /home/guohm/scan/1000genome/ldscore/chr6 \
--bfile /home/guohm/scan/1000genome/filtered/chr6_with_cm \
--l2  

Beginning analysis at Tue May  7 12:46:09 2019
Read list of 661264 SNPs from /home/guohm/scan/1000genome/filtered/chr6_with_cm.bim
Read list of 503 individuals from /home/guohm/scan/1000genome/filtered/chr6_with_cm.fam
Reading genotypes from /home/guohm/scan/1000genome/filtered/chr6_with_cm.bed
Estimating LD Score.
Writing LD Scores for 661259 SNPs to /home/guohm/scan/1000genome/ldscore/chr6.l2.ldscore.gz

Summary of LD Scores in /home/guohm/scan/1000genome/ldscore/chr6.l2.ldscore.gz
         MAF         L2
mean  0.1811   255.0609
std   0.1492   413.0475
min   0.0100   -23.2594
25%   0.0437    57.8160
50%   0.1402   121.2831
75%   0.3002   252.3602
max   0.5000  3620.9918

MAF/LD Score Correlation Matrix
        MAF      L2
MAF  1.0000  0.2096
L2   0.2096  1.0000
Analysis finished at Tue May  7 12:56:09 2019
Total time elapsed: 10.0m:0.26s
