*********************************************************************
* LD Score Regression (LDSC)
* Version 1.0.0
* (C) 2014-2015 Brendan Bulik-Sullivan and Hilary Finucane
* Broad Institute of MIT and Harvard / MIT Department of Mathematics
* GNU General Public License v3
*********************************************************************
Call: 
./ldsc.py \
--ld-wind-cm 1.0 \
--out /home/guohm/scan/1000genome/ldscore/chr7 \
--bfile /home/guohm/scan/1000genome/filtered/chr7_with_cm \
--l2  

Beginning analysis at Tue May  7 12:56:10 2019
Read list of 576212 SNPs from /home/guohm/scan/1000genome/filtered/chr7_with_cm.bim
Read list of 503 individuals from /home/guohm/scan/1000genome/filtered/chr7_with_cm.fam
Reading genotypes from /home/guohm/scan/1000genome/filtered/chr7_with_cm.bed
Estimating LD Score.
Writing LD Scores for 576212 SNPs to /home/guohm/scan/1000genome/ldscore/chr7.l2.ldscore.gz

Summary of LD Scores in /home/guohm/scan/1000genome/ldscore/chr7.l2.ldscore.gz
         MAF         L2
mean  0.1795   149.7069
std   0.1495   177.0640
min   0.0100   -14.2355
25%   0.0427    50.9101
50%   0.1372   100.0050
75%   0.2982   184.8042
max   0.5000  1448.2083

MAF/LD Score Correlation Matrix
        MAF      L2
MAF  1.0000  0.2443
L2   0.2443  1.0000
Analysis finished at Tue May  7 13:02:17 2019
Total time elapsed: 6.0m:6.49s
