*********************************************************************
* LD Score Regression (LDSC)
* Version 1.0.0
* (C) 2014-2015 Brendan Bulik-Sullivan and Hilary Finucane
* Broad Institute of MIT and Harvard / MIT Department of Mathematics
* GNU General Public License v3
*********************************************************************
Call: 
./ldsc.py \
--ld-wind-cm 1.0 \
--out /home/guohm/scan/1000genome/ldscore/chr8 \
--bfile /home/guohm/scan/1000genome/filtered/chr8_with_cm \
--l2  

Beginning analysis at Tue May  7 13:02:17 2019
Read list of 531271 SNPs from /home/guohm/scan/1000genome/filtered/chr8_with_cm.bim
Read list of 503 individuals from /home/guohm/scan/1000genome/filtered/chr8_with_cm.fam
Reading genotypes from /home/guohm/scan/1000genome/filtered/chr8_with_cm.bed
Estimating LD Score.
Writing LD Scores for 531271 SNPs to /home/guohm/scan/1000genome/ldscore/chr8.l2.ldscore.gz

Summary of LD Scores in /home/guohm/scan/1000genome/ldscore/chr8.l2.ldscore.gz
         MAF         L2
mean  0.1769   150.5159
std   0.1492   159.8673
min   0.0100   -10.4401
25%   0.0408    52.5923
50%   0.1332   103.6315
75%   0.2962   187.6769
max   0.5000  1481.8880

MAF/LD Score Correlation Matrix
        MAF      L2
MAF  1.0000  0.2517
L2   0.2517  1.0000
Analysis finished at Tue May  7 13:08:00 2019
Total time elapsed: 5.0m:43.0s
