*********************************************************************
* LD Score Regression (LDSC)
* Version 1.0.0
* (C) 2014-2015 Brendan Bulik-Sullivan and Hilary Finucane
* Broad Institute of MIT and Harvard / MIT Department of Mathematics
* GNU General Public License v3
*********************************************************************
Call: 
./ldsc.py \
--ld-wind-cm 1.0 \
--out /home/guohm/scan/1000genome/ldscore/chr9 \
--bfile /home/guohm/scan/1000genome/filtered/chr9_with_cm \
--l2  

Beginning analysis at Tue May  7 13:08:01 2019
Read list of 422472 SNPs from /home/guohm/scan/1000genome/filtered/chr9_with_cm.bim
Read list of 503 individuals from /home/guohm/scan/1000genome/filtered/chr9_with_cm.fam
Reading genotypes from /home/guohm/scan/1000genome/filtered/chr9_with_cm.bed
Estimating LD Score.
Writing LD Scores for 422472 SNPs to /home/guohm/scan/1000genome/ldscore/chr9.l2.ldscore.gz

Summary of LD Scores in /home/guohm/scan/1000genome/ldscore/chr9.l2.ldscore.gz
         MAF        L2
mean  0.1752  114.9757
std   0.1477  106.5840
min   0.0100   -3.9782
25%   0.0408   42.1609
50%   0.1312   83.8939
75%   0.2903  150.1538
max   0.5000  766.9588

MAF/LD Score Correlation Matrix
        MAF      L2
MAF  1.0000  0.2906
L2   0.2906  1.0000
Analysis finished at Tue May  7 13:12:06 2019
Total time elapsed: 4.0m:5.1s
